{
  "RSpec": {
    "coverage": {
      "/Users/abitravers/gitDir/Bank_Tech_Test_Redesigned/spec/debit_spec.rb": [
        1,
        null,
        1,
        2,
        null,
        1,
        1,
        1,
        null,
        null,
        null
      ],
      "/Users/abitravers/gitDir/Bank_Tech_Test_Redesigned/spec/statementDisplay_spec.rb": [
        1,
        null,
        1,
        4,
        null,
        1,
        1,
        1,
        null,
        null,
        null,
        1,
        1,
        1,
        null,
        null,
        null,
        1,
        1,
        2,
        null,
        null,
        null
      ],
      "/Users/abitravers/gitDir/Bank_Tech_Test_Redesigned/lib/statementDisplay.rb": [
        null,
        null,
        1,
        1,
        null,
        1,
        5,
        null,
        null,
        1,
        2,
        null,
        null,
        1,
        5,
        null,
        null,
        1,
        2,
        5,
        null,
        null,
        null,
        null,
        null,
        null
      ],
      "/Users/abitravers/gitDir/Bank_Tech_Test_Redesigned/spec/transactionLog_spec.rb": [
        1,
        null,
        1,
        3,
        null,
        1,
        1,
        1,
        1,
        null,
        null,
        null,
        1,
        1,
        1,
        1,
        null,
        null,
        null
      ],
      "/Users/abitravers/gitDir/Bank_Tech_Test_Redesigned/lib/transactionLog.rb": [
        null,
        null,
        1,
        1,
        null,
        1,
        6,
        null,
        null,
        1,
        6,
        null,
        null
      ]
    },
    "timestamp": 1508798529
  }
}
