{
  "RSpec": {
    "coverage": {
      "/Users/abitravers/gitDir/Bank_Tech_Test_Redesigned/spec/debit_spec.rb": [
        1,
        null,
        1,
        2,
        null,
        1,
        1,
        1,
        null,
        null,
        null
      ],
      "/Users/abitravers/gitDir/Bank_Tech_Test_Redesigned/lib/debit.rb": [
        null,
        1,
        1,
        null,
        1,
        1,
        null,
        null
      ],
      "/Users/abitravers/gitDir/Bank_Tech_Test_Redesigned/spec/printFormatter_spec.rb": [
        null,
        null,
        null,
        null,
        null
      ],
      "/Users/abitravers/gitDir/Bank_Tech_Test_Redesigned/spec/transactionLog_spec.rb": [
        1,
        null,
        1,
        3,
        null,
        1,
        1,
        1,
        1,
        null,
        null,
        null,
        1,
        1,
        1,
        null,
        null,
        null,
        null,
        null,
        null,
        null,
        null,
        null,
        null
      ],
      "/Users/abitravers/gitDir/Bank_Tech_Test_Redesigned/lib/transactionLog.rb": [
        null,
        null,
        1,
        1,
        null,
        1,
        2,
        null,
        null,
        1,
        1,
        null,
        null
      ]
    },
    "timestamp": 1507224237
  }
}
